<?xml version="1.0" encoding="UTF-8"?>
<!-- Generated by org.testng.reporters.JUnitXMLReporter -->
<testsuite ignored="0" hostname="SagarsAero" failures="1" tests="2" name="Test" time="27.017" errors="0" timestamp="2026-04-21T16:51:47 IST">
  <testcase classname="testCases.LoginTest" name="verify_login" time="15.969">
    <failure type="java.lang.AssertionError" message="expected [true] but found [false]">
      <![CDATA[java.lang.AssertionError: expected [true] but found [false]
at testCases.LoginTest.verify_login(LoginTest.java:36)
at java.base/java.util.ArrayList.forEach(ArrayList.java:1541)
... Removed 35 stack frames]]>
    </failure>
  </testcase> <!-- verify_login -->
  <testcase classname="testCases.AccountRegistrationTest" name="verify_account_registration" time="1.971"/>
</testsuite> <!-- Test -->
