<?xml version="1.0" encoding="UTF-8"?>
<!-- Generated by org.testng.reporters.JUnitXMLReporter -->
<testsuite ignored="0" hostname="SagarsAero" failures="1" tests="1" name="Test" time="5.804" errors="0" timestamp="2026-04-17T19:00:55 IST">
  <testcase classname="testCases.LoginDDT" name="verify_loginDDT" time="0.0">
    <failure type="org.testng.TestNGException" message="
Method public void testCases.LoginDDT.verify_loginDDT(java.lang.String,java.lang.String,java.lang.String) requires a @DataProvider named : LoginData in class utilities.DataProviders">
      <![CDATA[org.testng.TestNGException: 
Method public void testCases.LoginDDT.verify_loginDDT(java.lang.String,java.lang.String,java.lang.String) requires a @DataProvider named : LoginData in class utilities.DataProviders
at java.base/java.util.ArrayList.forEach(ArrayList.java:1511)
... Removed 24 stack frames]]>
    </failure>
  </testcase> <!-- verify_loginDDT -->
</testsuite> <!-- Test -->
