<?xml version="1.0" encoding="UTF-8"?>
<!-- Generated by org.testng.reporters.JUnitXMLReporter -->
<testsuite ignored="0" hostname="SagarsAero" failures="0" tests="2" name="firefoxtest" time="26.235" errors="0" timestamp="2026-04-11T11:32:43 IST">
  <testcase classname="testCases.LoginTest" name="verify_login" time="6.55"/>
  <testcase classname="testCases.AccountRegistrationTest" name="verify_account_registration" time="0.0">
    <skipped/>
  </testcase> <!-- verify_account_registration -->
</testsuite> <!-- firefoxtest -->
